# JRE version: OpenJDK Runtime Environment Microsoft-8035246 (17.0.8+7) (build 17.0.8+7-LTS)
# Java VM: OpenJDK 64-Bit Server VM Microsoft-8035246 (17.0.8+7-LTS, mixed mode, sharing, tiered, compressed oops, compressed class ptrs, g1 gc, windows-amd64)
GC Precious Log:
 CPUs: 12 total, 12 available
 Memory: 8103M
 Large Page Support: Disabled
 NUMA Support: Disabled
 Compressed Oops: Enabled (32-bit)
 Heap Region Size: 1M
 Heap Min Capacity: 8M
 Heap Initial Capacity: 128M
 Heap Max Capacity: 2G
 Pre-touch: Disabled
 Parallel Workers: 10
 Concurrent Workers: 3
 Concurrent Refinement Workers: 10
 Periodic GC: Disabled
Heap:
 garbage-first heap   total 294912K, used 193228K [0x0000000080000000, 0x0000000100000000)
  region size 1024K, 14 young (14336K), 4 survivors (4096K)
 Metaspace       used 100618K, committed 101632K, reserved 557056K
  class space    used 14024K, committed 14528K, reserved 425984K
GC Heap History (20 events):
Event: 17.606 GC heap before
{Heap before GC invocations=24 (full 0):
 garbage-first heap   total 245760K, used 196631K [0x0000000080000000, 0x0000000100000000)
  region size 1024K, 109 young (111616K), 1 survivors (1024K)
 Metaspace       used 75514K, committed 76224K, reserved 491520K
  class space    used 10539K, committed 10880K, reserved 425984K
}
Event: 17.611 GC heap after
{Heap after GC invocations=25 (full 0):
 garbage-first heap   total 245760K, used 86595K [0x0000000080000000, 0x0000000100000000)
  region size 1024K, 8 young (8192K), 8 survivors (8192K)
 Metaspace       used 75514K, committed 76224K, reserved 491520K
  class space    used 10539K, committed 10880K, reserved 425984K
}
Event: 17.662 GC heap before
{Heap before GC invocations=25 (full 0):
 garbage-first heap   total 245760K, used 89667K [0x0000000080000000, 0x0000000100000000)
  region size 1024K, 12 young (12288K), 8 survivors (8192K)
 Metaspace       used 75797K, committed 76544K, reserved 557056K
  class space    used 10572K, committed 10944K, reserved 425984K
}
Event: 17.666 GC heap after
{Heap after GC invocations=26 (full 0):
 garbage-first heap   total 245760K, used 87622K [0x0000000080000000, 0x0000000100000000)
  region size 1024K, 2 young (2048K), 2 survivors (2048K)
 Metaspace       used 75797K, committed 76544K, reserved 557056K
  class space    used 10572K, committed 10944K, reserved 425984K
}
Event: 21.631 GC heap before
{Heap before GC invocations=26 (full 0):
 garbage-first heap   total 245760K, used 191046K [0x0000000080000000, 0x0000000100000000)
  region size 1024K, 102 young (104448K), 2 survivors (2048K)
 Metaspace       used 79639K, committed 80384K, reserved 557056K
  class space    used 11108K, committed 11456K, reserved 425984K
}
Event: 21.636 GC heap after
{Heap after GC invocations=27 (full 0):
 garbage-first heap   total 245760K, used 93445K [0x0000000080000000, 0x0000000100000000)
  region size 1024K, 7 young (7168K), 7 survivors (7168K)
 Metaspace       used 79639K, committed 80384K, reserved 557056K
  class space    used 11108K, committed 11456K, reserved 425984K
}
Event: 22.731 GC heap before
{Heap before GC invocations=27 (full 0):
 garbage-first heap   total 245760K, used 192773K [0x0000000080000000, 0x0000000100000000)
  region size 1024K, 104 young (106496K), 7 survivors (7168K)
 Metaspace       used 85409K, committed 86208K, reserved 557056K
  class space    used 12049K, committed 12416K, reserved 425984K
}
Event: 22.739 GC heap after
{Heap after GC invocations=28 (full 0):
 garbage-first heap   total 245760K, used 98520K [0x0000000080000000, 0x0000000100000000)
  region size 1024K, 12 young (12288K), 12 survivors (12288K)
 Metaspace       used 85409K, committed 86208K, reserved 557056K
  class space    used 12049K, committed 12416K, reserved 425984K
}
Event: 24.075 GC heap before
{Heap before GC invocations=28 (full 0):
 garbage-first heap   total 245760K, used 202968K [0x0000000080000000, 0x0000000100000000)
  region size 1024K, 108 young (110592K), 12 survivors (12288K)
 Metaspace       used 87719K, committed 88576K, reserved 557056K
  class space    used 12385K, committed 12800K, reserved 425984K
}
Event: 24.090 GC heap after
{Heap after GC invocations=29 (full 0):
 garbage-first heap   total 245760K, used 123894K [0x0000000080000000, 0x0000000100000000)
  region size 1024K, 14 young (14336K), 14 survivors (14336K)
 Metaspace       used 87719K, committed 88576K, reserved 557056K
  class space    used 12385K, committed 12800K, reserved 425984K
}
Event: 24.920 GC heap before
{Heap before GC invocations=29 (full 0):
 garbage-first heap   total 245760K, used 197622K [0x0000000080000000, 0x0000000100000000)
  region size 1024K, 86 young (88064K), 14 survivors (14336K)
 Metaspace       used 91240K, committed 92096K, reserved 557056K
  class space    used 12911K, committed 13312K, reserved 425984K
}
Event: 24.932 GC heap after
{Heap after GC invocations=30 (full 0):
 garbage-first heap   total 245760K, used 136550K [0x0000000080000000, 0x0000000100000000)
  region size 1024K, 11 young (11264K), 11 survivors (11264K)
 Metaspace       used 91240K, committed 92096K, reserved 557056K
  class space    used 12911K, committed 13312K, reserved 425984K
}
Event: 25.941 GC heap before
{Heap before GC invocations=30 (full 0):
 garbage-first heap   total 245760K, used 200038K [0x0000000080000000, 0x0000000100000000)
  region size 1024K, 73 young (74752K), 11 survivors (11264K)
 Metaspace       used 95481K, committed 96384K, reserved 557056K
  class space    used 13426K, committed 13888K, reserved 425984K
}
Event: 25.951 GC heap after
{Heap after GC invocations=31 (full 0):
 garbage-first heap   total 245760K, used 141938K [0x0000000080000000, 0x0000000100000000)
  region size 1024K, 6 young (6144K), 6 survivors (6144K)
 Metaspace       used 95481K, committed 96384K, reserved 557056K
  class space    used 13426K, committed 13888K, reserved 425984K
}
Event: 26.506 GC heap before
{Heap before GC invocations=31 (full 0):
 garbage-first heap   total 245760K, used 202354K [0x0000000080000000, 0x0000000100000000)
  region size 1024K, 65 young (66560K), 6 survivors (6144K)
 Metaspace       used 96588K, committed 97536K, reserved 557056K
  class space    used 13545K, committed 14016K, reserved 425984K
}
Event: 26.514 GC heap after
{Heap after GC invocations=32 (full 0):
 garbage-first heap   total 245760K, used 148336K [0x0000000080000000, 0x0000000100000000)
  region size 1024K, 7 young (7168K), 7 survivors (7168K)
 Metaspace       used 96588K, committed 97536K, reserved 557056K
  class space    used 13545K, committed 14016K, reserved 425984K
}
Event: 27.054 GC heap before
{Heap before GC invocations=32 (full 0):
 garbage-first heap   total 245760K, used 201584K [0x0000000080000000, 0x0000000100000000)
  region size 1024K, 60 young (61440K), 7 survivors (7168K)
 Metaspace       used 97709K, committed 98624K, reserved 557056K
  class space    used 13752K, committed 14208K, reserved 425984K
}
Event: 27.061 GC heap after
{Heap after GC invocations=33 (full 0):
 garbage-first heap   total 245760K, used 151674K [0x0000000080000000, 0x0000000100000000)
  region size 1024K, 4 young (4096K), 4 survivors (4096K)
 Metaspace       used 97709K, committed 98624K, reserved 557056K
  class space    used 13752K, committed 14208K, reserved 425984K
}
Event: 27.527 GC heap before
{Heap before GC invocations=33 (full 0):
 garbage-first heap   total 245760K, used 204922K [0x0000000080000000, 0x0000000100000000)
  region size 1024K, 57 young (58368K), 4 survivors (4096K)
 Metaspace       used 98051K, committed 99008K, reserved 557056K
  class space    used 13801K, committed 14272K, reserved 425984K
}
Event: 27.535 GC heap after
{Heap after GC invocations=34 (full 0):
 garbage-first heap   total 245760K, used 156911K [0x0000000080000000, 0x0000000100000000)
  region size 1024K, 8 young (8192K), 8 survivors (8192K)
 Metaspace       used 98051K, committed 99008K, reserved 557056K
  class space    used 13801K, committed 14272K, reserved 425984K
}

